<?xml version="1.0" encoding="UTF-8"?>
<!-- Generated by org.testng.reporters.JUnitXMLReporter -->
<testsuite ignored="0" hostname="DESKTOP-C6G74C4" failures="0" tests="3" name="Default test" time="30.667" errors="0" timestamp="2019-12-03T18:03:40 WAT">
  <testcase classname="com.gigm.testcases.ValidateLogin" name="Login" time="6.13"/>
  <testcase classname="com.gigm.testcases.ValidateLogin" name="Login" time="5.452"/>
  <testcase classname="com.gigm.testcases.ValidateLogin" name="Login" time="5.32"/>
</testsuite> <!-- Default test -->
