<?xml version="1.0" encoding="UTF-8"?>
<!-- Generated by org.testng.reporters.JUnitXMLReporter -->
<testsuite ignored="0" hostname="QA-SYSTEM" failures="0" tests="1" name="Default test" time="0.982" errors="0" timestamp="2020-01-04T22:57:49 WAT">
  <testcase classname="com.gigm.base.TestBase" name="@BeforeTest setUp" time="0.946">
    <failure type="org.openqa.selenium.WebDriverException" message="unknown error: cannot find Microsoft Edge binary
Build info: version: &amp;apos;3.141.59&amp;apos;, revision: &amp;apos;e82be7d358&amp;apos;, time: &amp;apos;2018-11-14T08:17:03&amp;apos;
System info: host: &amp;apos;QA-SYSTEM&amp;apos;, ip: &amp;apos;192.168.4.109&amp;apos;, os.name: &amp;apos;Windows 10&amp;apos;, os.arch: &amp;apos;amd64&amp;apos;, os.version: &amp;apos;10.0&amp;apos;, java.version: &amp;apos;13.0.1&amp;apos;
Driver info: driver.version: EdgeDriver
remote stacktrace: Backtrace:
	Ordinal0 [0x00007FF729E98932+1804594]
	Ordinal0 [0x00007FF729DF98C2+1153218]
	Ordinal0 [0x00007FF729D7C09F+639135]
	Ordinal0 [0x00007FF729CF124B+70219]
	Ordinal0 [0x00007FF729D1A424+238628]
	Ordinal0 [0x00007FF729D17DDF+228831]
	Ordinal0 [0x00007FF729CF9CC7+105671]
	Ordinal0 [0x00007FF729CFB3CE+111566]
	Ordinal0 [0x00007FF729E1E151+1302865]
	GetHandleVerifier [0x00007FF729F5B42A+618010]
	GetHandleVerifier [0x00007FF729F5B1A1+617361]
	GetHandleVerifier [0x00007FF729F627BC+647596]
	GetHandleVerifier [0x00007FF729F5BBE6+619990]
	Ordinal0 [0x00007FF729E1251E+1254686]
	Ordinal0 [0x00007FF729E2054C+1312076]
	Ordinal0 [0x00007FF729E1F35D+1307485]
	BaseThreadInitThunk [0x00007FFAEABB7974+20]
	RtlUserThreadStart [0x00007FFAEC7BA271+33]
">
      <![CDATA[org.openqa.selenium.WebDriverException: unknown error: cannot find Microsoft Edge binary
Build info: version: '3.141.59', revision: 'e82be7d358', time: '2018-11-14T08:17:03'
System info: host: 'QA-SYSTEM', ip: '192.168.4.109', os.name: 'Windows 10', os.arch: 'amd64', os.version: '10.0', java.version: '13.0.1'
Driver info: driver.version: EdgeDriver
remote stacktrace: Backtrace:
Ordinal0 [0x00007FF729E98932+1804594]
Ordinal0 [0x00007FF729DF98C2+1153218]
Ordinal0 [0x00007FF729D7C09F+639135]
Ordinal0 [0x00007FF729CF124B+70219]
Ordinal0 [0x00007FF729D1A424+238628]
Ordinal0 [0x00007FF729D17DDF+228831]
Ordinal0 [0x00007FF729CF9CC7+105671]
Ordinal0 [0x00007FF729CFB3CE+111566]
Ordinal0 [0x00007FF729E1E151+1302865]
GetHandleVerifier [0x00007FF729F5B42A+618010]
GetHandleVerifier [0x00007FF729F5B1A1+617361]
GetHandleVerifier [0x00007FF729F627BC+647596]
GetHandleVerifier [0x00007FF729F5BBE6+619990]
Ordinal0 [0x00007FF729E1251E+1254686]
Ordinal0 [0x00007FF729E2054C+1312076]
Ordinal0 [0x00007FF729E1F35D+1307485]
BaseThreadInitThunk [0x00007FFAEABB7974+20]
RtlUserThreadStart [0x00007FFAEC7BA271+33]

at java.base/jdk.internal.reflect.NativeConstructorAccessorImpl.newInstance0(Native Method)
at java.base/jdk.internal.reflect.NativeConstructorAccessorImpl.newInstance(NativeConstructorAccessorImpl.java:62)
at java.base/jdk.internal.reflect.DelegatingConstructorAccessorImpl.newInstance(DelegatingConstructorAccessorImpl.java:45)
at java.base/java.lang.reflect.Constructor.newInstanceWithCaller(Constructor.java:500)
at java.base/java.lang.reflect.Constructor.newInstance(Constructor.java:481)
at org.openqa.selenium.remote.W3CHandshakeResponse.lambda$errorHandler$0(W3CHandshakeResponse.java:62)
at org.openqa.selenium.remote.HandshakeResponse.lambda$getResponseFunction$0(HandshakeResponse.java:30)
at org.openqa.selenium.remote.ProtocolHandshake.lambda$createSession$0(ProtocolHandshake.java:126)
at java.base/java.util.stream.ReferencePipeline$3$1.accept(ReferencePipeline.java:195)
at java.base/java.util.Spliterators$ArraySpliterator.tryAdvance(Spliterators.java:958)
at java.base/java.util.stream.ReferencePipeline.forEachWithCancel(ReferencePipeline.java:127)
at java.base/java.util.stream.AbstractPipeline.copyIntoWithCancel(AbstractPipeline.java:502)
at java.base/java.util.stream.AbstractPipeline.copyInto(AbstractPipeline.java:488)
at java.base/java.util.stream.AbstractPipeline.wrapAndCopyInto(AbstractPipeline.java:474)
at java.base/java.util.stream.FindOps$FindOp.evaluateSequential(FindOps.java:150)
at java.base/java.util.stream.AbstractPipeline.evaluate(AbstractPipeline.java:234)
at java.base/java.util.stream.ReferencePipeline.findFirst(ReferencePipeline.java:543)
at org.openqa.selenium.remote.ProtocolHandshake.createSession(ProtocolHandshake.java:128)
at org.openqa.selenium.remote.ProtocolHandshake.createSession(ProtocolHandshake.java:74)
at org.openqa.selenium.remote.HttpCommandExecutor.execute(HttpCommandExecutor.java:136)
at org.openqa.selenium.remote.service.DriverCommandExecutor.execute(DriverCommandExecutor.java:83)
at org.openqa.selenium.remote.RemoteWebDriver.execute(RemoteWebDriver.java:552)
at org.openqa.selenium.remote.RemoteWebDriver.startSession(RemoteWebDriver.java:213)
at org.openqa.selenium.remote.RemoteWebDriver.<init>(RemoteWebDriver.java:131)
at org.openqa.selenium.edge.EdgeDriver.<init>(EdgeDriver.java:141)
at org.openqa.selenium.edge.EdgeDriver.<init>(EdgeDriver.java:96)
at com.gigm.base.TestBase.setUp(TestBase.java:43)
at java.base/jdk.internal.reflect.NativeMethodAccessorImpl.invoke0(Native Method)
at java.base/jdk.internal.reflect.NativeMethodAccessorImpl.invoke(NativeMethodAccessorImpl.java:62)
at java.base/jdk.internal.reflect.DelegatingMethodAccessorImpl.invoke(DelegatingMethodAccessorImpl.java:43)
at java.base/java.lang.reflect.Method.invoke(Method.java:567)
at org.testng.internal.MethodInvocationHelper.invokeMethod(MethodInvocationHelper.java:133)
at org.testng.internal.MethodInvocationHelper.invokeMethodConsideringTimeout(MethodInvocationHelper.java:62)
at org.testng.internal.ConfigInvoker.invokeConfigurationMethod(ConfigInvoker.java:340)
at org.testng.internal.ConfigInvoker.invokeConfigurations(ConfigInvoker.java:294)
at org.testng.TestRunner.invokeTestConfigurations(TestRunner.java:623)
at org.testng.TestRunner.beforeRun(TestRunner.java:613)
at org.testng.TestRunner.run(TestRunner.java:584)
at org.testng.SuiteRunner.runTest(SuiteRunner.java:402)
at org.testng.SuiteRunner.runSequentially(SuiteRunner.java:396)
at org.testng.SuiteRunner.privateRun(SuiteRunner.java:355)
at org.testng.SuiteRunner.run(SuiteRunner.java:304)
at org.testng.SuiteRunnerWorker.runSuite(SuiteRunnerWorker.java:53)
at org.testng.SuiteRunnerWorker.run(SuiteRunnerWorker.java:96)
at org.testng.TestNG.runSuitesSequentially(TestNG.java:1180)
at org.testng.TestNG.runSuitesLocally(TestNG.java:1102)
at org.testng.TestNG.runSuites(TestNG.java:1032)
at org.testng.TestNG.run(TestNG.java:1000)
at org.testng.remote.AbstractRemoteTestNG.run(AbstractRemoteTestNG.java:115)
at org.testng.remote.RemoteTestNG.initAndRun(RemoteTestNG.java:251)
at org.testng.remote.RemoteTestNG.main(RemoteTestNG.java:77)
]]>
    </failure>
  </testcase> <!-- @BeforeTest setUp -->
  <testcase classname="com.gigm.base.TestBase" name="@AfterTest tearDown" time="-1.578175069033E9">
    <skipped/>
  </testcase> <!-- @AfterTest tearDown -->
  <testcase classname="com.gigm.testcases.ValidateAmbassador" name="CheckAmbassador" time="0.0">
    <skipped/>
  </testcase> <!-- CheckAmbassador -->
</testsuite> <!-- Default test -->
