<?xml version="1.0" encoding="UTF-8"?>
<!-- Generated by org.testng.reporters.JUnitXMLReporter -->
<testsuite ignored="0" hostname="QA-SYSTEM" failures="0" tests="3" name="Login" time="41.188" errors="0" timestamp="2020-01-06T01:55:31 WAT">
  <testcase classname="com.gigm.testcases.ValidateLogin" name="Login" time="7.684"/>
  <testcase classname="com.gigm.testcases.ValidateLogin" name="Login" time="9.204"/>
  <testcase classname="com.gigm.testcases.ValidateLogin" name="Login" time="8.82"/>
</testsuite> <!-- Login -->
