<?xml version="1.0" encoding="UTF-8"?>
<testsuite xmlns:xsi="http://www.w3.org/2001/XMLSchema-instance" xsi:schemaLocation="https://maven.apache.org/surefire/maven-surefire-plugin/xsd/surefire-test-report.xsd" name="TestSuite" time="235.409" tests="7" errors="0" skipped="0" failures="0">
  <properties>
[...]
</properties>
  <testcase name="checkHeaderLinks" classname="com.gigm.testcases.ValidateHeaderLinks" time="75.729"/>
  <testcase name="FooterlinksCheck" classname="com.gigm.testcases.ValidateHeaderLinks" time="15.544"/>
  <testcase name="Login" classname="com.gigm.testcases.ValidateLogin" time="8.569"/>
  <testcase name="Login" classname="com.gigm.testcases.ValidateLogin" time="8.091"/>
  <testcase name="Login" classname="com.gigm.testcases.ValidateLogin" time="10.169"/>
  <testcase name="signUp" classname="com.gigm.testcases.ValidateSignUp" time="7.839"/>
  <testcase name="CheckAmbassador" classname="com.gigm.testcases.ValidateAmbassador" time="9.02"/>
</testsuite>