<?xml version="1.0" encoding="UTF-8"?>
<testng-results ignored="0" total="1" passed="1" failed="0" skipped="0">
  <reporter-output>
  </reporter-output>
  <suite started-at="2019-11-26T17:37:41 WAT" name="Default suite" finished-at="2019-11-26T17:37:48 WAT" duration-ms="6984">
    <groups>
    </groups>
    <test started-at="2019-11-26T17:37:41 WAT" name="Default test" finished-at="2019-11-26T17:37:48 WAT" duration-ms="6984">
      <class name="com.gigm.TestCases.ValidateLogin">
        <test-method is-config="true" signature="setUp()[pri:0, instance:com.gigm.TestCases.ValidateLogin@5db250b4]" started-at="2019-11-26T17:37:27 WAT" name="setUp" finished-at="2019-11-26T17:37:41 WAT" duration-ms="13924" status="PASS">
          <reporter-output>
          </reporter-output>
        </test-method> <!-- setUp -->
        <test-method signature="Login()[pri:0, instance:com.gigm.TestCases.ValidateLogin@5db250b4]" started-at="2019-11-26T17:37:41 WAT" name="Login" finished-at="2019-11-26T17:37:48 WAT" duration-ms="6959" status="PASS">
          <reporter-output>
          </reporter-output>
        </test-method> <!-- Login -->
        <test-method is-config="true" signature="tearDown()[pri:0, instance:com.gigm.TestCases.ValidateLogin@5db250b4]" started-at="2019-11-26T17:37:48 WAT" name="tearDown" finished-at="2019-11-26T17:37:48 WAT" duration-ms="637" status="PASS">
          <reporter-output>
          </reporter-output>
        </test-method> <!-- tearDown -->
      </class> <!-- com.gigm.TestCases.ValidateLogin -->
    </test> <!-- Default test -->
  </suite> <!-- Default suite -->
</testng-results>
