<?xml version="1.0" encoding="UTF-8"?>
<testng-results ignored="0" total="3" passed="3" failed="0" skipped="0">
  <reporter-output>
  </reporter-output>
  <suite started-at="2020-01-03T08:51:42 WAT" name="Default suite" finished-at="2020-01-03T08:52:29 WAT" duration-ms="46434">
    <groups>
    </groups>
    <test started-at="2020-01-03T08:51:42 WAT" name="Default test" finished-at="2020-01-03T08:52:29 WAT" duration-ms="46434">
      <class name="com.gigm.testcases.ValidateLogin">
        <test-method is-config="true" signature="setUp()[pri:0, instance:com.gigm.testcases.ValidateLogin@223f3642]" started-at="2020-01-03T08:51:42 WAT" name="setUp" finished-at="2020-01-03T08:52:02 WAT" duration-ms="19193" status="PASS">
          <reporter-output>
          </reporter-output>
        </test-method> <!-- setUp -->
        <test-method signature="Login(java.lang.String, java.lang.String)[pri:0, instance:com.gigm.testcases.ValidateLogin@223f3642]" started-at="2020-01-03T08:52:02 WAT" name="Login" data-provider="Excel" finished-at="2020-01-03T08:52:12 WAT" duration-ms="9569" status="PASS">
          <params>
            <param index="0">
              <value>
                <![CDATA[obayemi.oje@gmail.com]]>
              </value>
            </param>
            <param index="1">
              <value>
                <![CDATA[Obayemi92@]]>
              </value>
            </param>
          </params>
          <reporter-output>
          </reporter-output>
        </test-method> <!-- Login -->
        <test-method signature="Login(java.lang.String, java.lang.String)[pri:0, instance:com.gigm.testcases.ValidateLogin@223f3642]" started-at="2020-01-03T08:52:12 WAT" name="Login" data-provider="Excel" finished-at="2020-01-03T08:52:20 WAT" duration-ms="8291" status="PASS">
          <params>
            <param index="0">
              <value>
                <![CDATA[ghensky.oje@gmail.com]]>
              </value>
            </param>
            <param index="1">
              <value>
                <![CDATA[Obayemi92@]]>
              </value>
            </param>
          </params>
          <reporter-output>
          </reporter-output>
        </test-method> <!-- Login -->
        <test-method signature="Login(java.lang.String, java.lang.String)[pri:0, instance:com.gigm.testcases.ValidateLogin@223f3642]" started-at="2020-01-03T08:52:20 WAT" name="Login" data-provider="Excel" finished-at="2020-01-03T08:52:29 WAT" duration-ms="8465" status="PASS">
          <params>
            <param index="0">
              <value>
                <![CDATA[obayemmy92@gmail.com]]>
              </value>
            </param>
            <param index="1">
              <value>
                <![CDATA[Obayemi92@]]>
              </value>
            </param>
          </params>
          <reporter-output>
          </reporter-output>
        </test-method> <!-- Login -->
        <test-method is-config="true" signature="tearDown()[pri:0, instance:com.gigm.testcases.ValidateLogin@223f3642]" started-at="2020-01-03T08:52:29 WAT" name="tearDown" finished-at="2020-01-03T08:52:29 WAT" duration-ms="72" status="PASS">
          <reporter-output>
          </reporter-output>
        </test-method> <!-- tearDown -->
      </class> <!-- com.gigm.testcases.ValidateLogin -->
    </test> <!-- Default test -->
  </suite> <!-- Default suite -->
</testng-results>
