<?xml version="1.0" encoding="UTF-8"?>
<!-- Generated by org.testng.reporters.JUnitXMLReporter -->
<testsuite hostname="QA-SYSTEM" failures="0" tests="3" name="Login" time="49.818" errors="0" timestamp="6 Jan 2020 00:26:12 GMT">
  <testcase classname="com.gigm.testcases.ValidateLogin" name="Login" time="8.568"/>
  <testcase classname="com.gigm.testcases.ValidateLogin" name="Login" time="8.09"/>
  <testcase classname="com.gigm.testcases.ValidateLogin" name="Login" time="10.169"/>
</testsuite> <!-- Login -->
