<?xml version="1.0" encoding="UTF-8"?>
<!-- Generated by org.testng.reporters.JUnitXMLReporter -->
<testsuite hostname="QA-SYSTEM" failures="0" tests="3" name="SignUp" time="56.912" errors="0" timestamp="9 Jan 2020 14:51:42 GMT">
  <testcase classname="com.gigm.testcases.ValidateSignUp" name="signUp" time="13.882"/>
  <testcase classname="com.gigm.testcases.ValidateSignUp" name="signUp" time="9.041"/>
  <testcase classname="com.gigm.testcases.ValidateSignUp" name="signUp" time="7.884"/>
</testsuite> <!-- SignUp -->
